<?xml version="1.0" encoding="UTF-8"?>
<!-- Generated by org.testng.reporters.JUnitReportReporter -->
<testsuite hostname="ashishsri" failures="0" tests="3" name="api.testcases.UserTest" time="10.540" errors="0" timestamp="2024-07-24T19:59:52 IST" skipped="0">
  <testcase classname="api.testcases.UserTest" name="testcreateuser" time="3.760"/>
  <system-out/>
  <testcase classname="api.testcases.UserTest" name="testgetuser" time="2.179"/>
  <system-out/>
  <testcase classname="api.testcases.UserTest" name="testupdateuser" time="4.601"/>
  <system-out/>
</testsuite> <!-- api.testcases.UserTest -->
